<?xml version="1.0" encoding="UTF-8"?>
<!-- Generated by org.testng.reporters.JUnitXMLReporter -->
<testsuite ignored="0" hostname="LAPTOP-DLSCHQOT" failures="0" tests="3" name="linux-edge" time="40.516" errors="0" timestamp="2025-04-30T18:32:20 EDT">
  <testcase classname="testCases.TC003_LoginTestDD" name="LoginDDT_verify" time="11.956"/>
  <testcase classname="testCases.TC003_LoginTestDD" name="LoginDDT_verify" time="12.371"/>
  <testcase classname="testCases.TC003_LoginTestDD" name="LoginDDT_verify" time="7.783"/>
</testsuite> <!-- linux-edge -->
