<?xml version="1.0" encoding="UTF-8"?>
<!-- Generated by org.testng.reporters.JUnitXMLReporter -->
<testsuite ignored="0" hostname="LAPTOP-DLSCHQOT" failures="1" tests="3" name="Test" time="40.676" errors="0" timestamp="2025-04-29T23:30:15 EDT">
  <testcase classname="testCases.TC003_LoginTestDD" name="LoginDDT_verify" time="11.719"/>
  <testcase classname="testCases.TC003_LoginTestDD" name="LoginDDT_verify" time="13.071"/>
  <testcase classname="testCases.TC003_LoginTestDD" name="LoginDDT_verify" time="7.987">
    <failure type="java.lang.AssertionError" message="expected [true] but found [false]">
      <![CDATA[java.lang.AssertionError: expected [true] but found [false]
at testCases.TC003_LoginTestDD.LoginDDT_verify(TC003_LoginTestDD.java:59)
at java.base/java.util.ArrayList.forEach(ArrayList.java:1597)
... Removed 29 stack frames]]>
    </failure>
  </testcase> <!-- LoginDDT_verify -->
</testsuite> <!-- Test -->
