<?xml version="1.0" encoding="UTF-8"?>
<testng-results ignored="0" total="2" passed="2" failed="0" skipped="0">
  <reporter-output>
  </reporter-output>
  <suite started-at="2025-05-07T11:13:39 EDT" name="Suite" finished-at="2025-05-07T11:15:10 EDT" duration-ms="90968">
    <groups>
    </groups>
    <test started-at="2025-05-07T11:13:39 EDT" name="linux-chrome" finished-at="2025-05-07T11:15:10 EDT" duration-ms="90968">
      <class name="testCases.TC002_RegisterPageTest">
        <test-method is-config="true" signature="Setup(java.lang.String,java.lang.String)[pri:0, instance:testCases.TC002_RegisterPageTest@131ef10]" started-at="2025-05-07T11:13:40 EDT" name="Setup" finished-at="2025-05-07T11:13:45 EDT" duration-ms="5535" status="PASS">
          <params>
            <param index="0">
              <value>
                <![CDATA[windows]]>
              </value>
            </param>
            <param index="1">
              <value>
                <![CDATA[chrome]]>
              </value>
            </param>
          </params>
          <reporter-output>
          </reporter-output>
        </test-method> <!-- Setup -->
        <test-method signature="Register(java.lang.String,java.lang.String,java.lang.String,java.lang.String,java.lang.String,java.lang.String,java.lang.String,java.lang.String,java.lang.String,java.lang.String)[pri:0, instance:testCases.TC002_RegisterPageTest@131ef10]" started-at="2025-05-07T11:13:46 EDT" name="Register" data-provider="RegisterData" finished-at="2025-05-07T11:14:29 EDT" duration-ms="42683" status="PASS">
          <params>
            <param index="0">
              <value>
                <![CDATA[ppppg]]>
              </value>
            </param>
            <param index="1">
              <value>
                <![CDATA[llllll]]>
              </value>
            </param>
            <param index="2">
              <value>
                <![CDATA[lll.k1@kkk.com]]>
              </value>
            </param>
            <param index="3">
              <value>
                <![CDATA[nhvjh]]>
              </value>
            </param>
            <param index="4">
              <value>
                <![CDATA[nmmb]]>
              </value>
            </param>
            <param index="5">
              <value>
                <![CDATA[Alaska]]>
              </value>
            </param>
            <param index="6">
              <value>
                <![CDATA[15662]]>
              </value>
            </param>
            <param index="7">
              <value>
                <![CDATA[nnnn]]>
              </value>
            </param>
            <param index="8">
              <value>
                <![CDATA[123yH]]>
              </value>
            </param>
            <param index="9">
              <value>
                <![CDATA[123yH]]>
              </value>
            </param>
          </params>
          <reporter-output>
          </reporter-output>
        </test-method> <!-- Register -->
        <test-method signature="Register(java.lang.String,java.lang.String,java.lang.String,java.lang.String,java.lang.String,java.lang.String,java.lang.String,java.lang.String,java.lang.String,java.lang.String)[pri:0, instance:testCases.TC002_RegisterPageTest@131ef10]" started-at="2025-05-07T11:14:29 EDT" name="Register" data-provider="RegisterData" finished-at="2025-05-07T11:15:10 EDT" duration-ms="41016" status="PASS">
          <params>
            <param index="0">
              <value>
                <![CDATA[jhdsajk]]>
              </value>
            </param>
            <param index="1">
              <value>
                <![CDATA[nbn]]>
              </value>
            </param>
            <param index="2">
              <value>
                <![CDATA[nmbmn@hbh.com]]>
              </value>
            </param>
            <param index="3">
              <value>
                <![CDATA[hhh]]>
              </value>
            </param>
            <param index="4">
              <value>
                <![CDATA[hhhd]]>
              </value>
            </param>
            <param index="5">
              <value>
                <![CDATA[Virginia]]>
              </value>
            </param>
            <param index="6">
              <value>
                <![CDATA[23222]]>
              </value>
            </param>
            <param index="7">
              <value>
                <![CDATA[jkehdcjsb]]>
              </value>
            </param>
            <param index="8">
              <value>
                <![CDATA[nbv123H]]>
              </value>
            </param>
            <param index="9">
              <value>
                <![CDATA[nbv123H]]>
              </value>
            </param>
          </params>
          <reporter-output>
          </reporter-output>
        </test-method> <!-- Register -->
        <test-method is-config="true" signature="TearDown()[pri:0, instance:testCases.TC002_RegisterPageTest@131ef10]" started-at="2025-05-07T11:15:10 EDT" name="TearDown" finished-at="2025-05-07T11:15:10 EDT" duration-ms="198" status="PASS">
          <reporter-output>
          </reporter-output>
        </test-method> <!-- TearDown -->
      </class> <!-- testCases.TC002_RegisterPageTest -->
    </test> <!-- linux-chrome -->
  </suite> <!-- Suite -->
</testng-results>
