<?xml version="1.0" encoding="UTF-8"?>
<!-- Generated by org.testng.reporters.JUnitReportReporter -->
<testsuite hostname="LAPTOP-DLSCHQOT" failures="0" tests="2" name="testCases.TC002_RegisterPageTest" time="83.699" errors="0" timestamp="2025-05-07T11:15:12 EDT" skipped="0">
  <testcase classname="testCases.TC002_RegisterPageTest" name="Register" time="42.683"/>
  <testcase classname="testCases.TC002_RegisterPageTest" name="Register" time="41.016"/>
</testsuite> <!-- testCases.TC002_RegisterPageTest -->
