<?xml version="1.0" encoding="UTF-8"?>
<!-- Generated by org.testng.reporters.JUnitReportReporter -->
<testsuite hostname="LAPTOP-DLSCHQOT" failures="1" tests="21" name="testCases.TC003_LoginTestDD" time="193.725" errors="0" timestamp="2025-05-07T00:58:24 EDT" skipped="0">
  <testcase classname="testCases.TC003_LoginTestDD" name="LoginDDT_verify" time="11.164"/>
  <testcase classname="testCases.TC003_LoginTestDD" name="LoginDDT_verify" time="7.931"/>
  <testcase classname="testCases.TC003_LoginTestDD" name="LoginDDT_verify" time="8.014"/>
  <testcase classname="testCases.TC003_LoginTestDD" name="LoginDDT_verify" time="7.497"/>
  <testcase classname="testCases.TC003_LoginTestDD" name="LoginDDT_verify" time="11.573"/>
  <testcase classname="testCases.TC003_LoginTestDD" name="LoginDDT_verify" time="7.904"/>
  <testcase classname="testCases.TC003_LoginTestDD" name="LoginDDT_verify" time="8.286"/>
  <testcase classname="testCases.TC003_LoginTestDD" name="LoginDDT_verify" time="7.755"/>
  <testcase classname="testCases.TC003_LoginTestDD" name="LoginDDT_verify" time="7.709"/>
  <testcase classname="testCases.TC003_LoginTestDD" name="LoginDDT_verify" time="7.899"/>
  <testcase classname="testCases.TC003_LoginTestDD" name="LoginDDT_verify" time="12.124"/>
  <testcase classname="testCases.TC003_LoginTestDD" name="LoginDDT_verify" time="7.922"/>
  <testcase classname="testCases.TC003_LoginTestDD" name="LoginDDT_verify" time="9.907"/>
  <testcase classname="testCases.TC003_LoginTestDD" name="LoginDDT_verify" time="11.518"/>
  <testcase classname="testCases.TC003_LoginTestDD" name="LoginDDT_verify" time="11.501"/>
  <testcase classname="testCases.TC003_LoginTestDD" name="LoginDDT_verify" time="7.633">
    <failure message="expected [true] but found [false]" type="java.lang.AssertionError">
      <![CDATA[java.lang.AssertionError: expected [true] but found [false]
at org.testng.Assert.fail(Assert.java:111)
at org.testng.Assert.failNotEquals(Assert.java:1578)
at org.testng.Assert.assertTrue(Assert.java:57)
at org.testng.Assert.assertTrue(Assert.java:67)
at testCases.TC003_LoginTestDD.LoginDDT_verify(TC003_LoginTestDD.java:44)
at java.base/jdk.internal.reflect.DirectMethodHandleAccessor.invoke(DirectMethodHandleAccessor.java:103)
at java.base/java.lang.reflect.Method.invoke(Method.java:580)
at org.testng.internal.invokers.MethodInvocationHelper.invokeMethod(MethodInvocationHelper.java:141)
at org.testng.internal.invokers.TestInvoker.invokeMethod(TestInvoker.java:686)
at org.testng.internal.invokers.TestInvoker.invokeTestMethod(TestInvoker.java:230)
at org.testng.internal.invokers.MethodRunner.runInSequence(MethodRunner.java:63)
at org.testng.internal.invokers.TestInvoker$MethodInvocationAgent.invoke(TestInvoker.java:992)
at org.testng.internal.invokers.TestInvoker.invokeTestMethods(TestInvoker.java:203)
at org.testng.internal.invokers.TestMethodWorker.invokeTestMethods(TestMethodWorker.java:154)
at org.testng.internal.invokers.TestMethodWorker.run(TestMethodWorker.java:134)
at java.base/java.util.ArrayList.forEach(ArrayList.java:1597)
at org.testng.TestRunner.privateRun(TestRunner.java:739)
at org.testng.TestRunner.run(TestRunner.java:614)
at org.testng.SuiteRunner.runTest(SuiteRunner.java:421)
at org.testng.SuiteRunner.runSequentially(SuiteRunner.java:413)
at org.testng.SuiteRunner.privateRun(SuiteRunner.java:373)
at org.testng.SuiteRunner.run(SuiteRunner.java:312)
at org.testng.SuiteRunnerWorker.runSuite(SuiteRunnerWorker.java:52)
at org.testng.SuiteRunnerWorker.run(SuiteRunnerWorker.java:95)
at org.testng.TestNG.runSuitesSequentially(TestNG.java:1274)
at org.testng.TestNG.runSuitesLocally(TestNG.java:1208)
at org.testng.TestNG.runSuites(TestNG.java:1112)
at org.testng.TestNG.run(TestNG.java:1079)
at org.testng.remote.AbstractRemoteTestNG.run(AbstractRemoteTestNG.java:115)
at org.testng.remote.RemoteTestNG.initAndRun(RemoteTestNG.java:293)
at org.testng.remote.RemoteTestNG.main(RemoteTestNG.java:91)
]]>
    </failure>
  </testcase> <!-- LoginDDT_verify -->
  <testcase classname="testCases.TC003_LoginTestDD" name="LoginDDT_verify" time="7.847"/>
  <testcase classname="testCases.TC003_LoginTestDD" name="LoginDDT_verify" time="9.922"/>
  <testcase classname="testCases.TC003_LoginTestDD" name="LoginDDT_verify" time="11.904"/>
  <testcase classname="testCases.TC003_LoginTestDD" name="LoginDDT_verify" time="7.873"/>
  <testcase classname="testCases.TC003_LoginTestDD" name="LoginDDT_verify" time="9.842"/>
</testsuite> <!-- testCases.TC003_LoginTestDD -->
