<?xml version="1.0" encoding="UTF-8"?>
<!-- Generated by org.testng.reporters.JUnitReportReporter -->
<testsuite hostname="LAPTOP-DLSCHQOT" failures="0" tests="2" name="testCases.TC004_SearchPageTest" time="12.231" errors="0" timestamp="2025-05-01T00:44:19 EDT" skipped="0">
  <testcase classname="testCases.TC004_SearchPageTest" name="searchPage" time="2.178"/>
  <testcase classname="testCases.TC004_SearchPageTest" name="login_item_in_cart" time="10.053"/>
</testsuite> <!-- testCases.TC004_SearchPageTest -->
