<?xml version="1.0" encoding="UTF-8"?>
<!-- Generated by org.testng.reporters.JUnitReportReporter -->
<testsuite hostname="LAPTOP-DLSCHQOT" failures="0" tests="3" name="testCases.TC001_GuestPageTest" time="21.061" errors="0" timestamp="2025-05-01T00:14:13 EDT" skipped="0">
  <testcase classname="testCases.TC001_GuestPageTest" name="searchPage" time="3.812"/>
  <testcase classname="testCases.TC001_GuestPageTest" name="HomePage" time="12.282"/>
  <testcase classname="testCases.TC001_GuestPageTest" name="GuestPage" time="4.967"/>
</testsuite> <!-- testCases.TC001_GuestPageTest -->
