<?xml version="1.0" encoding="UTF-8"?>
<!-- Generated by org.testng.reporters.JUnitReportReporter -->
<testsuite hostname="LAPTOP-DLSCHQOT" failures="0" tests="4" name="testCases.TC005_AddtoCartTest" time="24.274" errors="0" timestamp="2025-05-06T18:19:05 EDT" skipped="0">
  <testcase classname="testCases.TC005_AddtoCartTest" name="AddtoCart" time="12.138"/>
  <testcase classname="testCases.TC005_AddtoCartTest" name="login" time="3.565"/>
  <testcase classname="testCases.TC005_AddtoCartTest" name="login_addtocart" time="5.983"/>
  <testcase classname="testCases.TC005_AddtoCartTest" name="login_item_in_cart" time="2.588"/>
</testsuite> <!-- testCases.TC005_AddtoCartTest -->
